<?xml version="1.0" encoding="UTF-8"?>
<!-- Generated by org.testng.reporters.JUnitXMLReporter -->
<testsuite ignored="0" hostname="DESKTOP-O2LSTLN" failures="0" tests="7" name="ChromeTest" time="70.253" errors="0" timestamp="2022-03-10T13:37:43 IST">
  <testcase classname="Amazon.VerifyAllFooter" name="verifyFacebookTab" time="13.208"/>
  <testcase classname="Amazon.VerifyAllHeader" name="verifyCustomerTab" time="9.594"/>
  <testcase classname="Amazon.CustomerService" name="clickOnAddToCart" time="17.012"/>
  <testcase classname="Amazon.VerifyAllHeader" name="verifyBestSellerTab" time="7.542"/>
  <testcase classname="Amazon.VerifyAllFooter" name="verifyCareersTab" time="8.738"/>
  <testcase classname="Amazon.VerifyAllHeader" name="verifyMobileTab" time="12.07"/>
  <testcase classname="Amazon.VerifyAllHeader" name="verifyElectronicTab" time="3.675"/>
</testsuite> <!-- ChromeTest -->
