<?xml version="1.0" encoding="UTF-8"?>
<!-- Generated by org.testng.reporters.JUnitXMLReporter -->
<testsuite ignored="0" hostname="DESKTOP-O2LSTLN" failures="0" tests="4" name="Test" time="30.251" errors="0" timestamp="2022-02-28T14:43:42 IST">
  <testcase classname="Amazon.VerifyAllHeader" name="verifyCustomerTab" time="3.149"/>
  <testcase classname="Amazon.VerifyAllHeader" name="verifyBestSellerTab" time="2.132"/>
  <testcase classname="Amazon.VerifyAllHeader" name="verifyMobileTab" time="4.95"/>
  <testcase classname="Amazon.VerifyAllHeader" name="verifyElectronicTab" time="2.865"/>
</testsuite> <!-- Test -->
