<?xml version="1.0" encoding="UTF-8"?>
<testng-results ignored="0" total="16" passed="8" failed="0" skipped="8">
  <reporter-output>
  </reporter-output>
  <suite started-at="2022-03-10T12:51:03 IST" name="Suite" finished-at="2022-03-10T12:52:10 IST" duration-ms="67145">
    <groups>
    </groups>
    <test started-at="2022-03-10T12:51:03 IST" name="ChromeTest" finished-at="2022-03-10T12:52:02 IST" duration-ms="59225">
      <class name="actiTime.Verify_All_header">
        <test-method is-config="true" signature="launchBrowser(java.lang.String)[pri:0, instance:actiTime.Verify_All_header@4d465b11]" started-at="2022-03-10T12:51:07 IST" name="launchBrowser" finished-at="2022-03-10T12:51:10 IST" duration-ms="2956" status="PASS">
          <params>
            <param index="0">
              <value>
                <![CDATA[Chrome]]>
              </value>
            </param>
          </params>
          <reporter-output>
          </reporter-output>
        </test-method> <!-- launchBrowser -->
        <test-method is-config="true" signature="object()[pri:0, instance:actiTime.Verify_All_header@4d465b11]" started-at="2022-03-10T12:51:10 IST" name="object" finished-at="2022-03-10T12:51:10 IST" duration-ms="144" status="PASS">
          <reporter-output>
          </reporter-output>
        </test-method> <!-- object -->
        <test-method is-config="true" signature="loginApplication()[pri:0, instance:actiTime.Verify_All_header@4d465b11]" started-at="2022-03-10T12:51:10 IST" name="loginApplication" finished-at="2022-03-10T12:51:19 IST" duration-ms="8350" status="PASS">
          <reporter-output>
          </reporter-output>
        </test-method> <!-- loginApplication -->
        <test-method signature="verifyUserTab()[pri:0, instance:actiTime.Verify_All_header@4d465b11]" started-at="2022-03-10T12:51:19 IST" name="verifyUserTab" finished-at="2022-03-10T12:51:32 IST" duration-ms="13544" status="PASS">
          <reporter-output>
          </reporter-output>
        </test-method> <!-- verifyUserTab -->
        <test-method is-config="true" signature="logOut(org.testng.ITestResult)[pri:0, instance:actiTime.Verify_All_header@4d465b11]" started-at="2022-03-10T12:51:32 IST" name="logOut" finished-at="2022-03-10T12:51:33 IST" duration-ms="1101" status="PASS">
          <params>
            <param index="0">
              <value>
                <![CDATA[[TestResult name=verifyUserTab status=SUCCESS method=Verify_All_header.verifyUserTab()[pri:0, instance:actiTime.Verify_All_header@4d465b11] output={null}]]]>
              </value>
            </param>
          </params>
          <reporter-output>
          </reporter-output>
        </test-method> <!-- logOut -->
        <test-method is-config="true" signature="loginApplication()[pri:0, instance:actiTime.Verify_All_header@4d465b11]" started-at="2022-03-10T12:51:33 IST" name="loginApplication" finished-at="2022-03-10T12:51:36 IST" duration-ms="2037" status="PASS">
          <reporter-output>
          </reporter-output>
        </test-method> <!-- loginApplication -->
        <test-method signature="verifyReportButton()[pri:1, instance:actiTime.Verify_All_header@4d465b11]" started-at="2022-03-10T12:51:36 IST" name="verifyReportButton" finished-at="2022-03-10T12:51:39 IST" duration-ms="3208" status="PASS">
          <reporter-output>
          </reporter-output>
        </test-method> <!-- verifyReportButton -->
        <test-method is-config="true" signature="logOut(org.testng.ITestResult)[pri:0, instance:actiTime.Verify_All_header@4d465b11]" started-at="2022-03-10T12:51:39 IST" name="logOut" finished-at="2022-03-10T12:51:40 IST" duration-ms="938" status="PASS">
          <params>
            <param index="0">
              <value>
                <![CDATA[[TestResult name=verifyReportButton status=SUCCESS method=Verify_All_header.verifyReportButton()[pri:1, instance:actiTime.Verify_All_header@4d465b11] output={null}]]]>
              </value>
            </param>
          </params>
          <reporter-output>
          </reporter-output>
        </test-method> <!-- logOut -->
        <test-method is-config="true" signature="loginApplication()[pri:0, instance:actiTime.Verify_All_header@4d465b11]" started-at="2022-03-10T12:51:40 IST" name="loginApplication" finished-at="2022-03-10T12:51:45 IST" duration-ms="4993" status="PASS">
          <reporter-output>
          </reporter-output>
        </test-method> <!-- loginApplication -->
        <test-method signature="verifyTaskButton()[pri:2, instance:actiTime.Verify_All_header@4d465b11]" started-at="2022-03-10T12:51:45 IST" name="verifyTaskButton" finished-at="2022-03-10T12:51:47 IST" duration-ms="2767" status="PASS">
          <reporter-output>
          </reporter-output>
        </test-method> <!-- verifyTaskButton -->
        <test-method is-config="true" signature="logOut(org.testng.ITestResult)[pri:0, instance:actiTime.Verify_All_header@4d465b11]" started-at="2022-03-10T12:51:47 IST" name="logOut" finished-at="2022-03-10T12:51:48 IST" duration-ms="818" status="PASS">
          <params>
            <param index="0">
              <value>
                <![CDATA[[TestResult name=verifyTaskButton status=SUCCESS method=Verify_All_header.verifyTaskButton()[pri:2, instance:actiTime.Verify_All_header@4d465b11] output={null}]]]>
              </value>
            </param>
          </params>
          <reporter-output>
          </reporter-output>
        </test-method> <!-- logOut -->
        <test-method is-config="true" signature="loginApplication()[pri:0, instance:actiTime.Verify_All_header@4d465b11]" started-at="2022-03-10T12:51:48 IST" name="loginApplication" finished-at="2022-03-10T12:51:53 IST" duration-ms="4915" status="PASS">
          <reporter-output>
          </reporter-output>
        </test-method> <!-- loginApplication -->
        <test-method signature="verifyTimeTrack()[pri:3, instance:actiTime.Verify_All_header@4d465b11]" started-at="2022-03-10T12:51:53 IST" name="verifyTimeTrack" finished-at="2022-03-10T12:51:53 IST" duration-ms="197" status="PASS">
          <reporter-output>
          </reporter-output>
        </test-method> <!-- verifyTimeTrack -->
        <test-method is-config="true" signature="logOut(org.testng.ITestResult)[pri:0, instance:actiTime.Verify_All_header@4d465b11]" started-at="2022-03-10T12:51:53 IST" name="logOut" finished-at="2022-03-10T12:51:54 IST" duration-ms="454" status="PASS">
          <params>
            <param index="0">
              <value>
                <![CDATA[[TestResult name=verifyTimeTrack status=SUCCESS method=Verify_All_header.verifyTimeTrack()[pri:3, instance:actiTime.Verify_All_header@4d465b11] output={null}]]]>
              </value>
            </param>
          </params>
          <reporter-output>
          </reporter-output>
        </test-method> <!-- logOut -->
        <test-method is-config="true" signature="loginApplication()[pri:0, instance:actiTime.Verify_All_header@4d465b11]" started-at="2022-03-10T12:51:54 IST" name="loginApplication" finished-at="2022-03-10T12:51:55 IST" duration-ms="1029" status="PASS">
          <reporter-output>
          </reporter-output>
        </test-method> <!-- loginApplication -->
        <test-method signature="verifyWorkscheduleButton()[pri:4, instance:actiTime.Verify_All_header@4d465b11]" started-at="2022-03-10T12:51:55 IST" name="verifyWorkscheduleButton" finished-at="2022-03-10T12:51:58 IST" duration-ms="2684" status="PASS">
          <reporter-output>
          </reporter-output>
        </test-method> <!-- verifyWorkscheduleButton -->
        <test-method is-config="true" signature="logOut(org.testng.ITestResult)[pri:0, instance:actiTime.Verify_All_header@4d465b11]" started-at="2022-03-10T12:51:58 IST" name="logOut" finished-at="2022-03-10T12:51:58 IST" duration-ms="566" status="PASS">
          <params>
            <param index="0">
              <value>
                <![CDATA[[TestResult name=verifyWorkscheduleButton status=SUCCESS method=Verify_All_header.verifyWorkscheduleButton()[pri:4, instance:actiTime.Verify_All_header@4d465b11] output={null}]]]>
              </value>
            </param>
          </params>
          <reporter-output>
          </reporter-output>
        </test-method> <!-- logOut -->
        <test-method is-config="true" signature="deleteObject()[pri:0, instance:actiTime.Verify_All_header@4d465b11]" started-at="2022-03-10T12:51:58 IST" name="deleteObject" finished-at="2022-03-10T12:51:58 IST" duration-ms="0" status="PASS">
          <reporter-output>
          </reporter-output>
        </test-method> <!-- deleteObject -->
        <test-method is-config="true" signature="closeBrowser()[pri:0, instance:actiTime.Verify_All_header@4d465b11]" started-at="2022-03-10T12:52:00 IST" name="closeBrowser" finished-at="2022-03-10T12:52:02 IST" duration-ms="1907" status="PASS">
          <reporter-output>
          </reporter-output>
        </test-method> <!-- closeBrowser -->
      </class> <!-- actiTime.Verify_All_header -->
      <class name="actiTime.SecondHeader">
        <test-method is-config="true" signature="launchBrowser(java.lang.String)[pri:0, instance:actiTime.SecondHeader@6da21078]" started-at="2022-03-10T12:51:03 IST" name="launchBrowser" finished-at="2022-03-10T12:51:07 IST" duration-ms="4415" status="PASS">
          <params>
            <param index="0">
              <value>
                <![CDATA[Chrome]]>
              </value>
            </param>
          </params>
          <reporter-output>
          </reporter-output>
        </test-method> <!-- launchBrowser -->
        <test-method is-config="true" signature="object()[pri:0, instance:actiTime.SecondHeader@6da21078]" started-at="2022-03-10T12:51:10 IST" name="object" finished-at="2022-03-10T12:51:10 IST" duration-ms="104" status="PASS">
          <reporter-output>
          </reporter-output>
        </test-method> <!-- object -->
        <test-method is-config="true" signature="loginApplication()[pri:0, instance:actiTime.SecondHeader@6da21078]" started-at="2022-03-10T12:51:10 IST" name="loginApplication" finished-at="2022-03-10T12:51:28 IST" duration-ms="17103" status="PASS">
          <reporter-output>
          </reporter-output>
        </test-method> <!-- loginApplication -->
        <test-method signature="verifyUserTab()[pri:0, instance:actiTime.SecondHeader@6da21078]" started-at="2022-03-10T12:51:28 IST" name="verifyUserTab" finished-at="2022-03-10T12:51:34 IST" duration-ms="6246" status="PASS">
          <reporter-output>
          </reporter-output>
        </test-method> <!-- verifyUserTab -->
        <test-method is-config="true" signature="logOut(org.testng.ITestResult)[pri:0, instance:actiTime.SecondHeader@6da21078]" started-at="2022-03-10T12:51:34 IST" name="logOut" finished-at="2022-03-10T12:51:35 IST" duration-ms="1486" status="PASS">
          <params>
            <param index="0">
              <value>
                <![CDATA[[TestResult name=verifyUserTab status=SUCCESS method=SecondHeader.verifyUserTab()[pri:0, instance:actiTime.SecondHeader@6da21078] output={null}]]]>
              </value>
            </param>
          </params>
          <reporter-output>
          </reporter-output>
        </test-method> <!-- logOut -->
        <test-method is-config="true" signature="loginApplication()[pri:0, instance:actiTime.SecondHeader@6da21078]" started-at="2022-03-10T12:51:35 IST" name="loginApplication" finished-at="2022-03-10T12:51:38 IST" duration-ms="2203" status="PASS">
          <reporter-output>
          </reporter-output>
        </test-method> <!-- loginApplication -->
        <test-method signature="verifyReportButton()[pri:1, instance:actiTime.SecondHeader@6da21078]" started-at="2022-03-10T12:51:38 IST" name="verifyReportButton" finished-at="2022-03-10T12:51:43 IST" duration-ms="5929" status="PASS">
          <reporter-output>
          </reporter-output>
        </test-method> <!-- verifyReportButton -->
        <test-method is-config="true" signature="logOut(org.testng.ITestResult)[pri:0, instance:actiTime.SecondHeader@6da21078]" started-at="2022-03-10T12:51:43 IST" name="logOut" finished-at="2022-03-10T12:51:45 IST" duration-ms="1293" status="PASS">
          <params>
            <param index="0">
              <value>
                <![CDATA[[TestResult name=verifyReportButton status=SUCCESS method=SecondHeader.verifyReportButton()[pri:1, instance:actiTime.SecondHeader@6da21078] output={null}]]]>
              </value>
            </param>
          </params>
          <reporter-output>
          </reporter-output>
        </test-method> <!-- logOut -->
        <test-method is-config="true" signature="loginApplication()[pri:0, instance:actiTime.SecondHeader@6da21078]" started-at="2022-03-10T12:51:45 IST" name="loginApplication" finished-at="2022-03-10T12:51:50 IST" duration-ms="5489" status="PASS">
          <reporter-output>
          </reporter-output>
        </test-method> <!-- loginApplication -->
        <test-method signature="verifyTaskButton()[pri:2, instance:actiTime.SecondHeader@6da21078]" started-at="2022-03-10T12:51:50 IST" name="verifyTaskButton" finished-at="2022-03-10T12:51:52 IST" duration-ms="2254" status="PASS">
          <reporter-output>
          </reporter-output>
        </test-method> <!-- verifyTaskButton -->
        <test-method is-config="true" signature="logOut(org.testng.ITestResult)[pri:0, instance:actiTime.SecondHeader@6da21078]" started-at="2022-03-10T12:51:52 IST" name="logOut" finished-at="2022-03-10T12:51:53 IST" duration-ms="590" status="PASS">
          <params>
            <param index="0">
              <value>
                <![CDATA[[TestResult name=verifyTaskButton status=SUCCESS method=SecondHeader.verifyTaskButton()[pri:2, instance:actiTime.SecondHeader@6da21078] output={null}]]]>
              </value>
            </param>
          </params>
          <reporter-output>
          </reporter-output>
        </test-method> <!-- logOut -->
        <test-method is-config="true" signature="deleteObject()[pri:0, instance:actiTime.SecondHeader@6da21078]" started-at="2022-03-10T12:51:53 IST" name="deleteObject" finished-at="2022-03-10T12:51:53 IST" duration-ms="0" status="PASS">
          <reporter-output>
          </reporter-output>
        </test-method> <!-- deleteObject -->
        <test-method is-config="true" signature="closeBrowser()[pri:0, instance:actiTime.SecondHeader@6da21078]" started-at="2022-03-10T12:51:58 IST" name="closeBrowser" finished-at="2022-03-10T12:52:00 IST" duration-ms="2071" status="PASS">
          <reporter-output>
          </reporter-output>
        </test-method> <!-- closeBrowser -->
      </class> <!-- actiTime.SecondHeader -->
    </test> <!-- ChromeTest -->
    <test started-at="2022-03-10T12:52:02 IST" name="FirefoxTest" finished-at="2022-03-10T12:52:10 IST" duration-ms="7855">
      <class name="actiTime.Verify_All_header">
        <test-method is-config="true" signature="launchBrowser(java.lang.String)[pri:0, instance:actiTime.Verify_All_header@4803b726]" started-at="2022-03-10T12:52:10 IST" name="launchBrowser" finished-at="1970-01-01T05:30:00 IST" duration-ms="-1646896930285" status="SKIP">
          <reporter-output>
          </reporter-output>
        </test-method> <!-- launchBrowser -->
        <test-method is-config="true" signature="object()[pri:0, instance:actiTime.Verify_All_header@4803b726]" started-at="2022-03-10T12:52:10 IST" name="object" finished-at="1970-01-01T05:30:00 IST" duration-ms="-1646896930289" status="SKIP">
          <reporter-output>
          </reporter-output>
        </test-method> <!-- object -->
        <test-method is-config="true" signature="loginApplication()[pri:0, instance:actiTime.Verify_All_header@4803b726]" started-at="2022-03-10T12:52:10 IST" name="loginApplication" finished-at="1970-01-01T05:30:00 IST" duration-ms="-1646896930294" status="SKIP">
          <reporter-output>
          </reporter-output>
        </test-method> <!-- loginApplication -->
        <test-method signature="verifyUserTab()[pri:0, instance:actiTime.Verify_All_header@4803b726]" started-at="2022-03-10T12:52:10 IST" name="verifyUserTab" finished-at="2022-03-10T12:52:10 IST" duration-ms="0" status="SKIP">
          <exception class="org.openqa.selenium.WebDriverException">
            <message>
              <![CDATA[Process unexpectedly closed with status 0
Build info: version: '3.141.59', revision: 'e82be7d358', time: '2018-11-14T08:17:03'
System info: host: 'DESKTOP-O2LSTLN', ip: '192.168.161.136', os.name: 'Windows 10', os.arch: 'amd64', os.version: '10.0', java.version: '17.0.1'
Driver info: driver.version: FirefoxDriver
remote stacktrace: ]]>
            </message>
            <full-stacktrace>
              <![CDATA[org.openqa.selenium.WebDriverException: Process unexpectedly closed with status 0
Build info: version: '3.141.59', revision: 'e82be7d358', time: '2018-11-14T08:17:03'
System info: host: 'DESKTOP-O2LSTLN', ip: '192.168.161.136', os.name: 'Windows 10', os.arch: 'amd64', os.version: '10.0', java.version: '17.0.1'
Driver info: driver.version: FirefoxDriver
remote stacktrace: 
at java.base/jdk.internal.reflect.NativeConstructorAccessorImpl.newInstance0(Native Method)
at java.base/jdk.internal.reflect.NativeConstructorAccessorImpl.newInstance(NativeConstructorAccessorImpl.java:77)
at java.base/jdk.internal.reflect.DelegatingConstructorAccessorImpl.newInstance(DelegatingConstructorAccessorImpl.java:45)
at java.base/java.lang.reflect.Constructor.newInstanceWithCaller(Constructor.java:499)
at java.base/java.lang.reflect.Constructor.newInstance(Constructor.java:480)
at org.openqa.selenium.remote.W3CHandshakeResponse.lambda$errorHandler$0(W3CHandshakeResponse.java:62)
at org.openqa.selenium.remote.HandshakeResponse.lambda$getResponseFunction$0(HandshakeResponse.java:30)
at org.openqa.selenium.remote.ProtocolHandshake.lambda$createSession$0(ProtocolHandshake.java:126)
at java.base/java.util.stream.ReferencePipeline$3$1.accept(ReferencePipeline.java:197)
at java.base/java.util.Spliterators$ArraySpliterator.tryAdvance(Spliterators.java:1002)
at java.base/java.util.stream.ReferencePipeline.forEachWithCancel(ReferencePipeline.java:129)
at java.base/java.util.stream.AbstractPipeline.copyIntoWithCancel(AbstractPipeline.java:527)
at java.base/java.util.stream.AbstractPipeline.copyInto(AbstractPipeline.java:513)
at java.base/java.util.stream.AbstractPipeline.wrapAndCopyInto(AbstractPipeline.java:499)
at java.base/java.util.stream.FindOps$FindOp.evaluateSequential(FindOps.java:150)
at java.base/java.util.stream.AbstractPipeline.evaluate(AbstractPipeline.java:234)
at java.base/java.util.stream.ReferencePipeline.findFirst(ReferencePipeline.java:647)
at org.openqa.selenium.remote.ProtocolHandshake.createSession(ProtocolHandshake.java:128)
at org.openqa.selenium.remote.ProtocolHandshake.createSession(ProtocolHandshake.java:74)
at org.openqa.selenium.remote.HttpCommandExecutor.execute(HttpCommandExecutor.java:136)
at org.openqa.selenium.remote.service.DriverCommandExecutor.execute(DriverCommandExecutor.java:83)
at org.openqa.selenium.remote.RemoteWebDriver.execute(RemoteWebDriver.java:552)
at org.openqa.selenium.remote.RemoteWebDriver.startSession(RemoteWebDriver.java:213)
at org.openqa.selenium.remote.RemoteWebDriver.<init>(RemoteWebDriver.java:131)
at org.openqa.selenium.firefox.FirefoxDriver.<init>(FirefoxDriver.java:147)
at org.openqa.selenium.firefox.FirefoxDriver.<init>(FirefoxDriver.java:125)
at base.Pojo.launchFirefoxBrowser(Pojo.java:17)
at actiTime.SecondHeader.launchBrowser(SecondHeader.java:63)
at java.base/jdk.internal.reflect.NativeMethodAccessorImpl.invoke0(Native Method)
at java.base/jdk.internal.reflect.NativeMethodAccessorImpl.invoke(NativeMethodAccessorImpl.java:77)
at java.base/jdk.internal.reflect.DelegatingMethodAccessorImpl.invoke(DelegatingMethodAccessorImpl.java:43)
at java.base/java.lang.reflect.Method.invoke(Method.java:568)
at org.testng.internal.MethodInvocationHelper.invokeMethod(MethodInvocationHelper.java:133)
at org.testng.internal.MethodInvocationHelper.invokeMethodConsideringTimeout(MethodInvocationHelper.java:62)
at org.testng.internal.ConfigInvoker.invokeConfigurationMethod(ConfigInvoker.java:385)
at org.testng.internal.ConfigInvoker.invokeConfigurations(ConfigInvoker.java:321)
at org.testng.TestRunner.invokeTestConfigurations(TestRunner.java:637)
at org.testng.TestRunner.beforeRun(TestRunner.java:627)
at org.testng.TestRunner.run(TestRunner.java:589)
at org.testng.SuiteRunner.runTest(SuiteRunner.java:377)
at org.testng.SuiteRunner.runSequentially(SuiteRunner.java:371)
at org.testng.SuiteRunner.privateRun(SuiteRunner.java:332)
at org.testng.SuiteRunner.run(SuiteRunner.java:276)
at org.testng.SuiteRunnerWorker.runSuite(SuiteRunnerWorker.java:53)
at org.testng.SuiteRunnerWorker.run(SuiteRunnerWorker.java:96)
at org.testng.TestNG.runSuitesSequentially(TestNG.java:1212)
at org.testng.TestNG.runSuitesLocally(TestNG.java:1134)
at org.testng.TestNG.runSuites(TestNG.java:1063)
at org.testng.TestNG.run(TestNG.java:1031)
at org.testng.remote.AbstractRemoteTestNG.run(AbstractRemoteTestNG.java:115)
at org.testng.remote.RemoteTestNG.initAndRun(RemoteTestNG.java:251)
at org.testng.remote.RemoteTestNG.main(RemoteTestNG.java:77)
]]>
            </full-stacktrace>
          </exception> <!-- org.openqa.selenium.WebDriverException -->
          <reporter-output>
          </reporter-output>
        </test-method> <!-- verifyUserTab -->
        <test-method is-config="true" signature="logOut(org.testng.ITestResult)[pri:0, instance:actiTime.Verify_All_header@4803b726]" started-at="2022-03-10T12:52:10 IST" name="logOut" finished-at="1970-01-01T05:30:00 IST" duration-ms="-1646896930322" status="SKIP">
          <reporter-output>
          </reporter-output>
        </test-method> <!-- logOut -->
        <test-method is-config="true" signature="loginApplication()[pri:0, instance:actiTime.Verify_All_header@4803b726]" started-at="2022-03-10T12:52:10 IST" name="loginApplication" finished-at="1970-01-01T05:30:00 IST" duration-ms="-1646896930325" status="SKIP">
          <reporter-output>
          </reporter-output>
        </test-method> <!-- loginApplication -->
        <test-method signature="verifyReportButton()[pri:1, instance:actiTime.Verify_All_header@4803b726]" started-at="2022-03-10T12:52:10 IST" name="verifyReportButton" finished-at="2022-03-10T12:52:10 IST" duration-ms="0" status="SKIP">
          <exception class="org.openqa.selenium.WebDriverException">
            <message>
              <![CDATA[Process unexpectedly closed with status 0
Build info: version: '3.141.59', revision: 'e82be7d358', time: '2018-11-14T08:17:03'
System info: host: 'DESKTOP-O2LSTLN', ip: '192.168.161.136', os.name: 'Windows 10', os.arch: 'amd64', os.version: '10.0', java.version: '17.0.1'
Driver info: driver.version: FirefoxDriver
remote stacktrace: ]]>
            </message>
            <full-stacktrace>
              <![CDATA[org.openqa.selenium.WebDriverException: Process unexpectedly closed with status 0
Build info: version: '3.141.59', revision: 'e82be7d358', time: '2018-11-14T08:17:03'
System info: host: 'DESKTOP-O2LSTLN', ip: '192.168.161.136', os.name: 'Windows 10', os.arch: 'amd64', os.version: '10.0', java.version: '17.0.1'
Driver info: driver.version: FirefoxDriver
remote stacktrace: 
at java.base/jdk.internal.reflect.NativeConstructorAccessorImpl.newInstance0(Native Method)
at java.base/jdk.internal.reflect.NativeConstructorAccessorImpl.newInstance(NativeConstructorAccessorImpl.java:77)
at java.base/jdk.internal.reflect.DelegatingConstructorAccessorImpl.newInstance(DelegatingConstructorAccessorImpl.java:45)
at java.base/java.lang.reflect.Constructor.newInstanceWithCaller(Constructor.java:499)
at java.base/java.lang.reflect.Constructor.newInstance(Constructor.java:480)
at org.openqa.selenium.remote.W3CHandshakeResponse.lambda$errorHandler$0(W3CHandshakeResponse.java:62)
at org.openqa.selenium.remote.HandshakeResponse.lambda$getResponseFunction$0(HandshakeResponse.java:30)
at org.openqa.selenium.remote.ProtocolHandshake.lambda$createSession$0(ProtocolHandshake.java:126)
at java.base/java.util.stream.ReferencePipeline$3$1.accept(ReferencePipeline.java:197)
at java.base/java.util.Spliterators$ArraySpliterator.tryAdvance(Spliterators.java:1002)
at java.base/java.util.stream.ReferencePipeline.forEachWithCancel(ReferencePipeline.java:129)
at java.base/java.util.stream.AbstractPipeline.copyIntoWithCancel(AbstractPipeline.java:527)
at java.base/java.util.stream.AbstractPipeline.copyInto(AbstractPipeline.java:513)
at java.base/java.util.stream.AbstractPipeline.wrapAndCopyInto(AbstractPipeline.java:499)
at java.base/java.util.stream.FindOps$FindOp.evaluateSequential(FindOps.java:150)
at java.base/java.util.stream.AbstractPipeline.evaluate(AbstractPipeline.java:234)
at java.base/java.util.stream.ReferencePipeline.findFirst(ReferencePipeline.java:647)
at org.openqa.selenium.remote.ProtocolHandshake.createSession(ProtocolHandshake.java:128)
at org.openqa.selenium.remote.ProtocolHandshake.createSession(ProtocolHandshake.java:74)
at org.openqa.selenium.remote.HttpCommandExecutor.execute(HttpCommandExecutor.java:136)
at org.openqa.selenium.remote.service.DriverCommandExecutor.execute(DriverCommandExecutor.java:83)
at org.openqa.selenium.remote.RemoteWebDriver.execute(RemoteWebDriver.java:552)
at org.openqa.selenium.remote.RemoteWebDriver.startSession(RemoteWebDriver.java:213)
at org.openqa.selenium.remote.RemoteWebDriver.<init>(RemoteWebDriver.java:131)
at org.openqa.selenium.firefox.FirefoxDriver.<init>(FirefoxDriver.java:147)
at org.openqa.selenium.firefox.FirefoxDriver.<init>(FirefoxDriver.java:125)
at base.Pojo.launchFirefoxBrowser(Pojo.java:17)
at actiTime.SecondHeader.launchBrowser(SecondHeader.java:63)
at java.base/jdk.internal.reflect.NativeMethodAccessorImpl.invoke0(Native Method)
at java.base/jdk.internal.reflect.NativeMethodAccessorImpl.invoke(NativeMethodAccessorImpl.java:77)
at java.base/jdk.internal.reflect.DelegatingMethodAccessorImpl.invoke(DelegatingMethodAccessorImpl.java:43)
at java.base/java.lang.reflect.Method.invoke(Method.java:568)
at org.testng.internal.MethodInvocationHelper.invokeMethod(MethodInvocationHelper.java:133)
at org.testng.internal.MethodInvocationHelper.invokeMethodConsideringTimeout(MethodInvocationHelper.java:62)
at org.testng.internal.ConfigInvoker.invokeConfigurationMethod(ConfigInvoker.java:385)
at org.testng.internal.ConfigInvoker.invokeConfigurations(ConfigInvoker.java:321)
at org.testng.TestRunner.invokeTestConfigurations(TestRunner.java:637)
at org.testng.TestRunner.beforeRun(TestRunner.java:627)
at org.testng.TestRunner.run(TestRunner.java:589)
at org.testng.SuiteRunner.runTest(SuiteRunner.java:377)
at org.testng.SuiteRunner.runSequentially(SuiteRunner.java:371)
at org.testng.SuiteRunner.privateRun(SuiteRunner.java:332)
at org.testng.SuiteRunner.run(SuiteRunner.java:276)
at org.testng.SuiteRunnerWorker.runSuite(SuiteRunnerWorker.java:53)
at org.testng.SuiteRunnerWorker.run(SuiteRunnerWorker.java:96)
at org.testng.TestNG.runSuitesSequentially(TestNG.java:1212)
at org.testng.TestNG.runSuitesLocally(TestNG.java:1134)
at org.testng.TestNG.runSuites(TestNG.java:1063)
at org.testng.TestNG.run(TestNG.java:1031)
at org.testng.remote.AbstractRemoteTestNG.run(AbstractRemoteTestNG.java:115)
at org.testng.remote.RemoteTestNG.initAndRun(RemoteTestNG.java:251)
at org.testng.remote.RemoteTestNG.main(RemoteTestNG.java:77)
]]>
            </full-stacktrace>
          </exception> <!-- org.openqa.selenium.WebDriverException -->
          <reporter-output>
          </reporter-output>
        </test-method> <!-- verifyReportButton -->
        <test-method is-config="true" signature="logOut(org.testng.ITestResult)[pri:0, instance:actiTime.Verify_All_header@4803b726]" started-at="2022-03-10T12:52:10 IST" name="logOut" finished-at="1970-01-01T05:30:00 IST" duration-ms="-1646896930333" status="SKIP">
          <reporter-output>
          </reporter-output>
        </test-method> <!-- logOut -->
        <test-method is-config="true" signature="loginApplication()[pri:0, instance:actiTime.Verify_All_header@4803b726]" started-at="2022-03-10T12:52:10 IST" name="loginApplication" finished-at="1970-01-01T05:30:00 IST" duration-ms="-1646896930336" status="SKIP">
          <reporter-output>
          </reporter-output>
        </test-method> <!-- loginApplication -->
        <test-method signature="verifyTaskButton()[pri:2, instance:actiTime.Verify_All_header@4803b726]" started-at="2022-03-10T12:52:10 IST" name="verifyTaskButton" finished-at="2022-03-10T12:52:10 IST" duration-ms="0" status="SKIP">
          <exception class="org.openqa.selenium.WebDriverException">
            <message>
              <![CDATA[Process unexpectedly closed with status 0
Build info: version: '3.141.59', revision: 'e82be7d358', time: '2018-11-14T08:17:03'
System info: host: 'DESKTOP-O2LSTLN', ip: '192.168.161.136', os.name: 'Windows 10', os.arch: 'amd64', os.version: '10.0', java.version: '17.0.1'
Driver info: driver.version: FirefoxDriver
remote stacktrace: ]]>
            </message>
            <full-stacktrace>
              <![CDATA[org.openqa.selenium.WebDriverException: Process unexpectedly closed with status 0
Build info: version: '3.141.59', revision: 'e82be7d358', time: '2018-11-14T08:17:03'
System info: host: 'DESKTOP-O2LSTLN', ip: '192.168.161.136', os.name: 'Windows 10', os.arch: 'amd64', os.version: '10.0', java.version: '17.0.1'
Driver info: driver.version: FirefoxDriver
remote stacktrace: 
at java.base/jdk.internal.reflect.NativeConstructorAccessorImpl.newInstance0(Native Method)
at java.base/jdk.internal.reflect.NativeConstructorAccessorImpl.newInstance(NativeConstructorAccessorImpl.java:77)
at java.base/jdk.internal.reflect.DelegatingConstructorAccessorImpl.newInstance(DelegatingConstructorAccessorImpl.java:45)
at java.base/java.lang.reflect.Constructor.newInstanceWithCaller(Constructor.java:499)
at java.base/java.lang.reflect.Constructor.newInstance(Constructor.java:480)
at org.openqa.selenium.remote.W3CHandshakeResponse.lambda$errorHandler$0(W3CHandshakeResponse.java:62)
at org.openqa.selenium.remote.HandshakeResponse.lambda$getResponseFunction$0(HandshakeResponse.java:30)
at org.openqa.selenium.remote.ProtocolHandshake.lambda$createSession$0(ProtocolHandshake.java:126)
at java.base/java.util.stream.ReferencePipeline$3$1.accept(ReferencePipeline.java:197)
at java.base/java.util.Spliterators$ArraySpliterator.tryAdvance(Spliterators.java:1002)
at java.base/java.util.stream.ReferencePipeline.forEachWithCancel(ReferencePipeline.java:129)
at java.base/java.util.stream.AbstractPipeline.copyIntoWithCancel(AbstractPipeline.java:527)
at java.base/java.util.stream.AbstractPipeline.copyInto(AbstractPipeline.java:513)
at java.base/java.util.stream.AbstractPipeline.wrapAndCopyInto(AbstractPipeline.java:499)
at java.base/java.util.stream.FindOps$FindOp.evaluateSequential(FindOps.java:150)
at java.base/java.util.stream.AbstractPipeline.evaluate(AbstractPipeline.java:234)
at java.base/java.util.stream.ReferencePipeline.findFirst(ReferencePipeline.java:647)
at org.openqa.selenium.remote.ProtocolHandshake.createSession(ProtocolHandshake.java:128)
at org.openqa.selenium.remote.ProtocolHandshake.createSession(ProtocolHandshake.java:74)
at org.openqa.selenium.remote.HttpCommandExecutor.execute(HttpCommandExecutor.java:136)
at org.openqa.selenium.remote.service.DriverCommandExecutor.execute(DriverCommandExecutor.java:83)
at org.openqa.selenium.remote.RemoteWebDriver.execute(RemoteWebDriver.java:552)
at org.openqa.selenium.remote.RemoteWebDriver.startSession(RemoteWebDriver.java:213)
at org.openqa.selenium.remote.RemoteWebDriver.<init>(RemoteWebDriver.java:131)
at org.openqa.selenium.firefox.FirefoxDriver.<init>(FirefoxDriver.java:147)
at org.openqa.selenium.firefox.FirefoxDriver.<init>(FirefoxDriver.java:125)
at base.Pojo.launchFirefoxBrowser(Pojo.java:17)
at actiTime.SecondHeader.launchBrowser(SecondHeader.java:63)
at java.base/jdk.internal.reflect.NativeMethodAccessorImpl.invoke0(Native Method)
at java.base/jdk.internal.reflect.NativeMethodAccessorImpl.invoke(NativeMethodAccessorImpl.java:77)
at java.base/jdk.internal.reflect.DelegatingMethodAccessorImpl.invoke(DelegatingMethodAccessorImpl.java:43)
at java.base/java.lang.reflect.Method.invoke(Method.java:568)
at org.testng.internal.MethodInvocationHelper.invokeMethod(MethodInvocationHelper.java:133)
at org.testng.internal.MethodInvocationHelper.invokeMethodConsideringTimeout(MethodInvocationHelper.java:62)
at org.testng.internal.ConfigInvoker.invokeConfigurationMethod(ConfigInvoker.java:385)
at org.testng.internal.ConfigInvoker.invokeConfigurations(ConfigInvoker.java:321)
at org.testng.TestRunner.invokeTestConfigurations(TestRunner.java:637)
at org.testng.TestRunner.beforeRun(TestRunner.java:627)
at org.testng.TestRunner.run(TestRunner.java:589)
at org.testng.SuiteRunner.runTest(SuiteRunner.java:377)
at org.testng.SuiteRunner.runSequentially(SuiteRunner.java:371)
at org.testng.SuiteRunner.privateRun(SuiteRunner.java:332)
at org.testng.SuiteRunner.run(SuiteRunner.java:276)
at org.testng.SuiteRunnerWorker.runSuite(SuiteRunnerWorker.java:53)
at org.testng.SuiteRunnerWorker.run(SuiteRunnerWorker.java:96)
at org.testng.TestNG.runSuitesSequentially(TestNG.java:1212)
at org.testng.TestNG.runSuitesLocally(TestNG.java:1134)
at org.testng.TestNG.runSuites(TestNG.java:1063)
at org.testng.TestNG.run(TestNG.java:1031)
at org.testng.remote.AbstractRemoteTestNG.run(AbstractRemoteTestNG.java:115)
at org.testng.remote.RemoteTestNG.initAndRun(RemoteTestNG.java:251)
at org.testng.remote.RemoteTestNG.main(RemoteTestNG.java:77)
]]>
            </full-stacktrace>
          </exception> <!-- org.openqa.selenium.WebDriverException -->
          <reporter-output>
          </reporter-output>
        </test-method> <!-- verifyTaskButton -->
        <test-method is-config="true" signature="logOut(org.testng.ITestResult)[pri:0, instance:actiTime.Verify_All_header@4803b726]" started-at="2022-03-10T12:52:10 IST" name="logOut" finished-at="1970-01-01T05:30:00 IST" duration-ms="-1646896930353" status="SKIP">
          <reporter-output>
          </reporter-output>
        </test-method> <!-- logOut -->
        <test-method is-config="true" signature="loginApplication()[pri:0, instance:actiTime.Verify_All_header@4803b726]" started-at="2022-03-10T12:52:10 IST" name="loginApplication" finished-at="1970-01-01T05:30:00 IST" duration-ms="-1646896930364" status="SKIP">
          <reporter-output>
          </reporter-output>
        </test-method> <!-- loginApplication -->
        <test-method signature="verifyTimeTrack()[pri:3, instance:actiTime.Verify_All_header@4803b726]" started-at="2022-03-10T12:52:10 IST" name="verifyTimeTrack" finished-at="2022-03-10T12:52:10 IST" duration-ms="0" status="SKIP">
          <exception class="org.openqa.selenium.WebDriverException">
            <message>
              <![CDATA[Process unexpectedly closed with status 0
Build info: version: '3.141.59', revision: 'e82be7d358', time: '2018-11-14T08:17:03'
System info: host: 'DESKTOP-O2LSTLN', ip: '192.168.161.136', os.name: 'Windows 10', os.arch: 'amd64', os.version: '10.0', java.version: '17.0.1'
Driver info: driver.version: FirefoxDriver
remote stacktrace: ]]>
            </message>
            <full-stacktrace>
              <![CDATA[org.openqa.selenium.WebDriverException: Process unexpectedly closed with status 0
Build info: version: '3.141.59', revision: 'e82be7d358', time: '2018-11-14T08:17:03'
System info: host: 'DESKTOP-O2LSTLN', ip: '192.168.161.136', os.name: 'Windows 10', os.arch: 'amd64', os.version: '10.0', java.version: '17.0.1'
Driver info: driver.version: FirefoxDriver
remote stacktrace: 
at java.base/jdk.internal.reflect.NativeConstructorAccessorImpl.newInstance0(Native Method)
at java.base/jdk.internal.reflect.NativeConstructorAccessorImpl.newInstance(NativeConstructorAccessorImpl.java:77)
at java.base/jdk.internal.reflect.DelegatingConstructorAccessorImpl.newInstance(DelegatingConstructorAccessorImpl.java:45)
at java.base/java.lang.reflect.Constructor.newInstanceWithCaller(Constructor.java:499)
at java.base/java.lang.reflect.Constructor.newInstance(Constructor.java:480)
at org.openqa.selenium.remote.W3CHandshakeResponse.lambda$errorHandler$0(W3CHandshakeResponse.java:62)
at org.openqa.selenium.remote.HandshakeResponse.lambda$getResponseFunction$0(HandshakeResponse.java:30)
at org.openqa.selenium.remote.ProtocolHandshake.lambda$createSession$0(ProtocolHandshake.java:126)
at java.base/java.util.stream.ReferencePipeline$3$1.accept(ReferencePipeline.java:197)
at java.base/java.util.Spliterators$ArraySpliterator.tryAdvance(Spliterators.java:1002)
at java.base/java.util.stream.ReferencePipeline.forEachWithCancel(ReferencePipeline.java:129)
at java.base/java.util.stream.AbstractPipeline.copyIntoWithCancel(AbstractPipeline.java:527)
at java.base/java.util.stream.AbstractPipeline.copyInto(AbstractPipeline.java:513)
at java.base/java.util.stream.AbstractPipeline.wrapAndCopyInto(AbstractPipeline.java:499)
at java.base/java.util.stream.FindOps$FindOp.evaluateSequential(FindOps.java:150)
at java.base/java.util.stream.AbstractPipeline.evaluate(AbstractPipeline.java:234)
at java.base/java.util.stream.ReferencePipeline.findFirst(ReferencePipeline.java:647)
at org.openqa.selenium.remote.ProtocolHandshake.createSession(ProtocolHandshake.java:128)
at org.openqa.selenium.remote.ProtocolHandshake.createSession(ProtocolHandshake.java:74)
at org.openqa.selenium.remote.HttpCommandExecutor.execute(HttpCommandExecutor.java:136)
at org.openqa.selenium.remote.service.DriverCommandExecutor.execute(DriverCommandExecutor.java:83)
at org.openqa.selenium.remote.RemoteWebDriver.execute(RemoteWebDriver.java:552)
at org.openqa.selenium.remote.RemoteWebDriver.startSession(RemoteWebDriver.java:213)
at org.openqa.selenium.remote.RemoteWebDriver.<init>(RemoteWebDriver.java:131)
at org.openqa.selenium.firefox.FirefoxDriver.<init>(FirefoxDriver.java:147)
at org.openqa.selenium.firefox.FirefoxDriver.<init>(FirefoxDriver.java:125)
at base.Pojo.launchFirefoxBrowser(Pojo.java:17)
at actiTime.SecondHeader.launchBrowser(SecondHeader.java:63)
at java.base/jdk.internal.reflect.NativeMethodAccessorImpl.invoke0(Native Method)
at java.base/jdk.internal.reflect.NativeMethodAccessorImpl.invoke(NativeMethodAccessorImpl.java:77)
at java.base/jdk.internal.reflect.DelegatingMethodAccessorImpl.invoke(DelegatingMethodAccessorImpl.java:43)
at java.base/java.lang.reflect.Method.invoke(Method.java:568)
at org.testng.internal.MethodInvocationHelper.invokeMethod(MethodInvocationHelper.java:133)
at org.testng.internal.MethodInvocationHelper.invokeMethodConsideringTimeout(MethodInvocationHelper.java:62)
at org.testng.internal.ConfigInvoker.invokeConfigurationMethod(ConfigInvoker.java:385)
at org.testng.internal.ConfigInvoker.invokeConfigurations(ConfigInvoker.java:321)
at org.testng.TestRunner.invokeTestConfigurations(TestRunner.java:637)
at org.testng.TestRunner.beforeRun(TestRunner.java:627)
at org.testng.TestRunner.run(TestRunner.java:589)
at org.testng.SuiteRunner.runTest(SuiteRunner.java:377)
at org.testng.SuiteRunner.runSequentially(SuiteRunner.java:371)
at org.testng.SuiteRunner.privateRun(SuiteRunner.java:332)
at org.testng.SuiteRunner.run(SuiteRunner.java:276)
at org.testng.SuiteRunnerWorker.runSuite(SuiteRunnerWorker.java:53)
at org.testng.SuiteRunnerWorker.run(SuiteRunnerWorker.java:96)
at org.testng.TestNG.runSuitesSequentially(TestNG.java:1212)
at org.testng.TestNG.runSuitesLocally(TestNG.java:1134)
at org.testng.TestNG.runSuites(TestNG.java:1063)
at org.testng.TestNG.run(TestNG.java:1031)
at org.testng.remote.AbstractRemoteTestNG.run(AbstractRemoteTestNG.java:115)
at org.testng.remote.RemoteTestNG.initAndRun(RemoteTestNG.java:251)
at org.testng.remote.RemoteTestNG.main(RemoteTestNG.java:77)
]]>
            </full-stacktrace>
          </exception> <!-- org.openqa.selenium.WebDriverException -->
          <reporter-output>
          </reporter-output>
        </test-method> <!-- verifyTimeTrack -->
        <test-method is-config="true" signature="logOut(org.testng.ITestResult)[pri:0, instance:actiTime.Verify_All_header@4803b726]" started-at="2022-03-10T12:52:10 IST" name="logOut" finished-at="1970-01-01T05:30:00 IST" duration-ms="-1646896930480" status="SKIP">
          <reporter-output>
          </reporter-output>
        </test-method> <!-- logOut -->
        <test-method is-config="true" signature="loginApplication()[pri:0, instance:actiTime.Verify_All_header@4803b726]" started-at="2022-03-10T12:52:10 IST" name="loginApplication" finished-at="1970-01-01T05:30:00 IST" duration-ms="-1646896930487" status="SKIP">
          <reporter-output>
          </reporter-output>
        </test-method> <!-- loginApplication -->
        <test-method signature="verifyWorkscheduleButton()[pri:4, instance:actiTime.Verify_All_header@4803b726]" started-at="2022-03-10T12:52:10 IST" name="verifyWorkscheduleButton" finished-at="2022-03-10T12:52:10 IST" duration-ms="0" status="SKIP">
          <exception class="org.openqa.selenium.WebDriverException">
            <message>
              <![CDATA[Process unexpectedly closed with status 0
Build info: version: '3.141.59', revision: 'e82be7d358', time: '2018-11-14T08:17:03'
System info: host: 'DESKTOP-O2LSTLN', ip: '192.168.161.136', os.name: 'Windows 10', os.arch: 'amd64', os.version: '10.0', java.version: '17.0.1'
Driver info: driver.version: FirefoxDriver
remote stacktrace: ]]>
            </message>
            <full-stacktrace>
              <![CDATA[org.openqa.selenium.WebDriverException: Process unexpectedly closed with status 0
Build info: version: '3.141.59', revision: 'e82be7d358', time: '2018-11-14T08:17:03'
System info: host: 'DESKTOP-O2LSTLN', ip: '192.168.161.136', os.name: 'Windows 10', os.arch: 'amd64', os.version: '10.0', java.version: '17.0.1'
Driver info: driver.version: FirefoxDriver
remote stacktrace: 
at java.base/jdk.internal.reflect.NativeConstructorAccessorImpl.newInstance0(Native Method)
at java.base/jdk.internal.reflect.NativeConstructorAccessorImpl.newInstance(NativeConstructorAccessorImpl.java:77)
at java.base/jdk.internal.reflect.DelegatingConstructorAccessorImpl.newInstance(DelegatingConstructorAccessorImpl.java:45)
at java.base/java.lang.reflect.Constructor.newInstanceWithCaller(Constructor.java:499)
at java.base/java.lang.reflect.Constructor.newInstance(Constructor.java:480)
at org.openqa.selenium.remote.W3CHandshakeResponse.lambda$errorHandler$0(W3CHandshakeResponse.java:62)
at org.openqa.selenium.remote.HandshakeResponse.lambda$getResponseFunction$0(HandshakeResponse.java:30)
at org.openqa.selenium.remote.ProtocolHandshake.lambda$createSession$0(ProtocolHandshake.java:126)
at java.base/java.util.stream.ReferencePipeline$3$1.accept(ReferencePipeline.java:197)
at java.base/java.util.Spliterators$ArraySpliterator.tryAdvance(Spliterators.java:1002)
at java.base/java.util.stream.ReferencePipeline.forEachWithCancel(ReferencePipeline.java:129)
at java.base/java.util.stream.AbstractPipeline.copyIntoWithCancel(AbstractPipeline.java:527)
at java.base/java.util.stream.AbstractPipeline.copyInto(AbstractPipeline.java:513)
at java.base/java.util.stream.AbstractPipeline.wrapAndCopyInto(AbstractPipeline.java:499)
at java.base/java.util.stream.FindOps$FindOp.evaluateSequential(FindOps.java:150)
at java.base/java.util.stream.AbstractPipeline.evaluate(AbstractPipeline.java:234)
at java.base/java.util.stream.ReferencePipeline.findFirst(ReferencePipeline.java:647)
at org.openqa.selenium.remote.ProtocolHandshake.createSession(ProtocolHandshake.java:128)
at org.openqa.selenium.remote.ProtocolHandshake.createSession(ProtocolHandshake.java:74)
at org.openqa.selenium.remote.HttpCommandExecutor.execute(HttpCommandExecutor.java:136)
at org.openqa.selenium.remote.service.DriverCommandExecutor.execute(DriverCommandExecutor.java:83)
at org.openqa.selenium.remote.RemoteWebDriver.execute(RemoteWebDriver.java:552)
at org.openqa.selenium.remote.RemoteWebDriver.startSession(RemoteWebDriver.java:213)
at org.openqa.selenium.remote.RemoteWebDriver.<init>(RemoteWebDriver.java:131)
at org.openqa.selenium.firefox.FirefoxDriver.<init>(FirefoxDriver.java:147)
at org.openqa.selenium.firefox.FirefoxDriver.<init>(FirefoxDriver.java:125)
at base.Pojo.launchFirefoxBrowser(Pojo.java:17)
at actiTime.SecondHeader.launchBrowser(SecondHeader.java:63)
at java.base/jdk.internal.reflect.NativeMethodAccessorImpl.invoke0(Native Method)
at java.base/jdk.internal.reflect.NativeMethodAccessorImpl.invoke(NativeMethodAccessorImpl.java:77)
at java.base/jdk.internal.reflect.DelegatingMethodAccessorImpl.invoke(DelegatingMethodAccessorImpl.java:43)
at java.base/java.lang.reflect.Method.invoke(Method.java:568)
at org.testng.internal.MethodInvocationHelper.invokeMethod(MethodInvocationHelper.java:133)
at org.testng.internal.MethodInvocationHelper.invokeMethodConsideringTimeout(MethodInvocationHelper.java:62)
at org.testng.internal.ConfigInvoker.invokeConfigurationMethod(ConfigInvoker.java:385)
at org.testng.internal.ConfigInvoker.invokeConfigurations(ConfigInvoker.java:321)
at org.testng.TestRunner.invokeTestConfigurations(TestRunner.java:637)
at org.testng.TestRunner.beforeRun(TestRunner.java:627)
at org.testng.TestRunner.run(TestRunner.java:589)
at org.testng.SuiteRunner.runTest(SuiteRunner.java:377)
at org.testng.SuiteRunner.runSequentially(SuiteRunner.java:371)
at org.testng.SuiteRunner.privateRun(SuiteRunner.java:332)
at org.testng.SuiteRunner.run(SuiteRunner.java:276)
at org.testng.SuiteRunnerWorker.runSuite(SuiteRunnerWorker.java:53)
at org.testng.SuiteRunnerWorker.run(SuiteRunnerWorker.java:96)
at org.testng.TestNG.runSuitesSequentially(TestNG.java:1212)
at org.testng.TestNG.runSuitesLocally(TestNG.java:1134)
at org.testng.TestNG.runSuites(TestNG.java:1063)
at org.testng.TestNG.run(TestNG.java:1031)
at org.testng.remote.AbstractRemoteTestNG.run(AbstractRemoteTestNG.java:115)
at org.testng.remote.RemoteTestNG.initAndRun(RemoteTestNG.java:251)
at org.testng.remote.RemoteTestNG.main(RemoteTestNG.java:77)
]]>
            </full-stacktrace>
          </exception> <!-- org.openqa.selenium.WebDriverException -->
          <reporter-output>
          </reporter-output>
        </test-method> <!-- verifyWorkscheduleButton -->
        <test-method is-config="true" signature="logOut(org.testng.ITestResult)[pri:0, instance:actiTime.Verify_All_header@4803b726]" started-at="2022-03-10T12:52:10 IST" name="logOut" finished-at="1970-01-01T05:30:00 IST" duration-ms="-1646896930493" status="SKIP">
          <reporter-output>
          </reporter-output>
        </test-method> <!-- logOut -->
        <test-method is-config="true" signature="deleteObject()[pri:0, instance:actiTime.Verify_All_header@4803b726]" started-at="2022-03-10T12:52:10 IST" name="deleteObject" finished-at="1970-01-01T05:30:00 IST" duration-ms="-1646896930500" status="SKIP">
          <reporter-output>
          </reporter-output>
        </test-method> <!-- deleteObject -->
        <test-method is-config="true" signature="closeBrowser()[pri:0, instance:actiTime.Verify_All_header@4803b726]" started-at="2022-03-10T12:52:10 IST" name="closeBrowser" finished-at="1970-01-01T05:30:00 IST" duration-ms="-1646896930509" status="SKIP">
          <reporter-output>
          </reporter-output>
        </test-method> <!-- closeBrowser -->
      </class> <!-- actiTime.Verify_All_header -->
      <class name="actiTime.SecondHeader">
        <test-method is-config="true" signature="launchBrowser(java.lang.String)[pri:0, instance:actiTime.SecondHeader@ffaa6af]" started-at="2022-03-10T12:52:02 IST" name="launchBrowser" finished-at="2022-03-10T12:52:10 IST" duration-ms="7619" status="FAIL">
          <params>
            <param index="0">
              <value>
                <![CDATA[Firefox]]>
              </value>
            </param>
          </params>
          <exception class="org.openqa.selenium.WebDriverException">
            <message>
              <![CDATA[Process unexpectedly closed with status 0
Build info: version: '3.141.59', revision: 'e82be7d358', time: '2018-11-14T08:17:03'
System info: host: 'DESKTOP-O2LSTLN', ip: '192.168.161.136', os.name: 'Windows 10', os.arch: 'amd64', os.version: '10.0', java.version: '17.0.1'
Driver info: driver.version: FirefoxDriver
remote stacktrace: ]]>
            </message>
            <full-stacktrace>
              <![CDATA[org.openqa.selenium.WebDriverException: Process unexpectedly closed with status 0
Build info: version: '3.141.59', revision: 'e82be7d358', time: '2018-11-14T08:17:03'
System info: host: 'DESKTOP-O2LSTLN', ip: '192.168.161.136', os.name: 'Windows 10', os.arch: 'amd64', os.version: '10.0', java.version: '17.0.1'
Driver info: driver.version: FirefoxDriver
remote stacktrace: 
at java.base/jdk.internal.reflect.NativeConstructorAccessorImpl.newInstance0(Native Method)
at java.base/jdk.internal.reflect.NativeConstructorAccessorImpl.newInstance(NativeConstructorAccessorImpl.java:77)
at java.base/jdk.internal.reflect.DelegatingConstructorAccessorImpl.newInstance(DelegatingConstructorAccessorImpl.java:45)
at java.base/java.lang.reflect.Constructor.newInstanceWithCaller(Constructor.java:499)
at java.base/java.lang.reflect.Constructor.newInstance(Constructor.java:480)
at org.openqa.selenium.remote.W3CHandshakeResponse.lambda$errorHandler$0(W3CHandshakeResponse.java:62)
at org.openqa.selenium.remote.HandshakeResponse.lambda$getResponseFunction$0(HandshakeResponse.java:30)
at org.openqa.selenium.remote.ProtocolHandshake.lambda$createSession$0(ProtocolHandshake.java:126)
at java.base/java.util.stream.ReferencePipeline$3$1.accept(ReferencePipeline.java:197)
at java.base/java.util.Spliterators$ArraySpliterator.tryAdvance(Spliterators.java:1002)
at java.base/java.util.stream.ReferencePipeline.forEachWithCancel(ReferencePipeline.java:129)
at java.base/java.util.stream.AbstractPipeline.copyIntoWithCancel(AbstractPipeline.java:527)
at java.base/java.util.stream.AbstractPipeline.copyInto(AbstractPipeline.java:513)
at java.base/java.util.stream.AbstractPipeline.wrapAndCopyInto(AbstractPipeline.java:499)
at java.base/java.util.stream.FindOps$FindOp.evaluateSequential(FindOps.java:150)
at java.base/java.util.stream.AbstractPipeline.evaluate(AbstractPipeline.java:234)
at java.base/java.util.stream.ReferencePipeline.findFirst(ReferencePipeline.java:647)
at org.openqa.selenium.remote.ProtocolHandshake.createSession(ProtocolHandshake.java:128)
at org.openqa.selenium.remote.ProtocolHandshake.createSession(ProtocolHandshake.java:74)
at org.openqa.selenium.remote.HttpCommandExecutor.execute(HttpCommandExecutor.java:136)
at org.openqa.selenium.remote.service.DriverCommandExecutor.execute(DriverCommandExecutor.java:83)
at org.openqa.selenium.remote.RemoteWebDriver.execute(RemoteWebDriver.java:552)
at org.openqa.selenium.remote.RemoteWebDriver.startSession(RemoteWebDriver.java:213)
at org.openqa.selenium.remote.RemoteWebDriver.<init>(RemoteWebDriver.java:131)
at org.openqa.selenium.firefox.FirefoxDriver.<init>(FirefoxDriver.java:147)
at org.openqa.selenium.firefox.FirefoxDriver.<init>(FirefoxDriver.java:125)
at base.Pojo.launchFirefoxBrowser(Pojo.java:17)
at actiTime.SecondHeader.launchBrowser(SecondHeader.java:63)
at java.base/jdk.internal.reflect.NativeMethodAccessorImpl.invoke0(Native Method)
at java.base/jdk.internal.reflect.NativeMethodAccessorImpl.invoke(NativeMethodAccessorImpl.java:77)
at java.base/jdk.internal.reflect.DelegatingMethodAccessorImpl.invoke(DelegatingMethodAccessorImpl.java:43)
at java.base/java.lang.reflect.Method.invoke(Method.java:568)
at org.testng.internal.MethodInvocationHelper.invokeMethod(MethodInvocationHelper.java:133)
at org.testng.internal.MethodInvocationHelper.invokeMethodConsideringTimeout(MethodInvocationHelper.java:62)
at org.testng.internal.ConfigInvoker.invokeConfigurationMethod(ConfigInvoker.java:385)
at org.testng.internal.ConfigInvoker.invokeConfigurations(ConfigInvoker.java:321)
at org.testng.TestRunner.invokeTestConfigurations(TestRunner.java:637)
at org.testng.TestRunner.beforeRun(TestRunner.java:627)
at org.testng.TestRunner.run(TestRunner.java:589)
at org.testng.SuiteRunner.runTest(SuiteRunner.java:377)
at org.testng.SuiteRunner.runSequentially(SuiteRunner.java:371)
at org.testng.SuiteRunner.privateRun(SuiteRunner.java:332)
at org.testng.SuiteRunner.run(SuiteRunner.java:276)
at org.testng.SuiteRunnerWorker.runSuite(SuiteRunnerWorker.java:53)
at org.testng.SuiteRunnerWorker.run(SuiteRunnerWorker.java:96)
at org.testng.TestNG.runSuitesSequentially(TestNG.java:1212)
at org.testng.TestNG.runSuitesLocally(TestNG.java:1134)
at org.testng.TestNG.runSuites(TestNG.java:1063)
at org.testng.TestNG.run(TestNG.java:1031)
at org.testng.remote.AbstractRemoteTestNG.run(AbstractRemoteTestNG.java:115)
at org.testng.remote.RemoteTestNG.initAndRun(RemoteTestNG.java:251)
at org.testng.remote.RemoteTestNG.main(RemoteTestNG.java:77)
]]>
            </full-stacktrace>
          </exception> <!-- org.openqa.selenium.WebDriverException -->
          <reporter-output>
          </reporter-output>
        </test-method> <!-- launchBrowser -->
        <test-method is-config="true" signature="object()[pri:0, instance:actiTime.SecondHeader@ffaa6af]" started-at="2022-03-10T12:52:10 IST" name="object" finished-at="1970-01-01T05:30:00 IST" duration-ms="-1646896930290" status="SKIP">
          <reporter-output>
          </reporter-output>
        </test-method> <!-- object -->
        <test-method is-config="true" signature="loginApplication()[pri:0, instance:actiTime.SecondHeader@ffaa6af]" started-at="2022-03-10T12:52:10 IST" name="loginApplication" finished-at="1970-01-01T05:30:00 IST" duration-ms="-1646896930293" status="SKIP">
          <reporter-output>
          </reporter-output>
        </test-method> <!-- loginApplication -->
        <test-method signature="verifyUserTab()[pri:0, instance:actiTime.SecondHeader@ffaa6af]" started-at="2022-03-10T12:52:10 IST" name="verifyUserTab" finished-at="2022-03-10T12:52:10 IST" duration-ms="0" status="SKIP">
          <exception class="org.openqa.selenium.WebDriverException">
            <message>
              <![CDATA[Process unexpectedly closed with status 0
Build info: version: '3.141.59', revision: 'e82be7d358', time: '2018-11-14T08:17:03'
System info: host: 'DESKTOP-O2LSTLN', ip: '192.168.161.136', os.name: 'Windows 10', os.arch: 'amd64', os.version: '10.0', java.version: '17.0.1'
Driver info: driver.version: FirefoxDriver
remote stacktrace: ]]>
            </message>
            <full-stacktrace>
              <![CDATA[org.openqa.selenium.WebDriverException: Process unexpectedly closed with status 0
Build info: version: '3.141.59', revision: 'e82be7d358', time: '2018-11-14T08:17:03'
System info: host: 'DESKTOP-O2LSTLN', ip: '192.168.161.136', os.name: 'Windows 10', os.arch: 'amd64', os.version: '10.0', java.version: '17.0.1'
Driver info: driver.version: FirefoxDriver
remote stacktrace: 
at java.base/jdk.internal.reflect.NativeConstructorAccessorImpl.newInstance0(Native Method)
at java.base/jdk.internal.reflect.NativeConstructorAccessorImpl.newInstance(NativeConstructorAccessorImpl.java:77)
at java.base/jdk.internal.reflect.DelegatingConstructorAccessorImpl.newInstance(DelegatingConstructorAccessorImpl.java:45)
at java.base/java.lang.reflect.Constructor.newInstanceWithCaller(Constructor.java:499)
at java.base/java.lang.reflect.Constructor.newInstance(Constructor.java:480)
at org.openqa.selenium.remote.W3CHandshakeResponse.lambda$errorHandler$0(W3CHandshakeResponse.java:62)
at org.openqa.selenium.remote.HandshakeResponse.lambda$getResponseFunction$0(HandshakeResponse.java:30)
at org.openqa.selenium.remote.ProtocolHandshake.lambda$createSession$0(ProtocolHandshake.java:126)
at java.base/java.util.stream.ReferencePipeline$3$1.accept(ReferencePipeline.java:197)
at java.base/java.util.Spliterators$ArraySpliterator.tryAdvance(Spliterators.java:1002)
at java.base/java.util.stream.ReferencePipeline.forEachWithCancel(ReferencePipeline.java:129)
at java.base/java.util.stream.AbstractPipeline.copyIntoWithCancel(AbstractPipeline.java:527)
at java.base/java.util.stream.AbstractPipeline.copyInto(AbstractPipeline.java:513)
at java.base/java.util.stream.AbstractPipeline.wrapAndCopyInto(AbstractPipeline.java:499)
at java.base/java.util.stream.FindOps$FindOp.evaluateSequential(FindOps.java:150)
at java.base/java.util.stream.AbstractPipeline.evaluate(AbstractPipeline.java:234)
at java.base/java.util.stream.ReferencePipeline.findFirst(ReferencePipeline.java:647)
at org.openqa.selenium.remote.ProtocolHandshake.createSession(ProtocolHandshake.java:128)
at org.openqa.selenium.remote.ProtocolHandshake.createSession(ProtocolHandshake.java:74)
at org.openqa.selenium.remote.HttpCommandExecutor.execute(HttpCommandExecutor.java:136)
at org.openqa.selenium.remote.service.DriverCommandExecutor.execute(DriverCommandExecutor.java:83)
at org.openqa.selenium.remote.RemoteWebDriver.execute(RemoteWebDriver.java:552)
at org.openqa.selenium.remote.RemoteWebDriver.startSession(RemoteWebDriver.java:213)
at org.openqa.selenium.remote.RemoteWebDriver.<init>(RemoteWebDriver.java:131)
at org.openqa.selenium.firefox.FirefoxDriver.<init>(FirefoxDriver.java:147)
at org.openqa.selenium.firefox.FirefoxDriver.<init>(FirefoxDriver.java:125)
at base.Pojo.launchFirefoxBrowser(Pojo.java:17)
at actiTime.SecondHeader.launchBrowser(SecondHeader.java:63)
at java.base/jdk.internal.reflect.NativeMethodAccessorImpl.invoke0(Native Method)
at java.base/jdk.internal.reflect.NativeMethodAccessorImpl.invoke(NativeMethodAccessorImpl.java:77)
at java.base/jdk.internal.reflect.DelegatingMethodAccessorImpl.invoke(DelegatingMethodAccessorImpl.java:43)
at java.base/java.lang.reflect.Method.invoke(Method.java:568)
at org.testng.internal.MethodInvocationHelper.invokeMethod(MethodInvocationHelper.java:133)
at org.testng.internal.MethodInvocationHelper.invokeMethodConsideringTimeout(MethodInvocationHelper.java:62)
at org.testng.internal.ConfigInvoker.invokeConfigurationMethod(ConfigInvoker.java:385)
at org.testng.internal.ConfigInvoker.invokeConfigurations(ConfigInvoker.java:321)
at org.testng.TestRunner.invokeTestConfigurations(TestRunner.java:637)
at org.testng.TestRunner.beforeRun(TestRunner.java:627)
at org.testng.TestRunner.run(TestRunner.java:589)
at org.testng.SuiteRunner.runTest(SuiteRunner.java:377)
at org.testng.SuiteRunner.runSequentially(SuiteRunner.java:371)
at org.testng.SuiteRunner.privateRun(SuiteRunner.java:332)
at org.testng.SuiteRunner.run(SuiteRunner.java:276)
at org.testng.SuiteRunnerWorker.runSuite(SuiteRunnerWorker.java:53)
at org.testng.SuiteRunnerWorker.run(SuiteRunnerWorker.java:96)
at org.testng.TestNG.runSuitesSequentially(TestNG.java:1212)
at org.testng.TestNG.runSuitesLocally(TestNG.java:1134)
at org.testng.TestNG.runSuites(TestNG.java:1063)
at org.testng.TestNG.run(TestNG.java:1031)
at org.testng.remote.AbstractRemoteTestNG.run(AbstractRemoteTestNG.java:115)
at org.testng.remote.RemoteTestNG.initAndRun(RemoteTestNG.java:251)
at org.testng.remote.RemoteTestNG.main(RemoteTestNG.java:77)
]]>
            </full-stacktrace>
          </exception> <!-- org.openqa.selenium.WebDriverException -->
          <reporter-output>
          </reporter-output>
        </test-method> <!-- verifyUserTab -->
        <test-method is-config="true" signature="logOut(org.testng.ITestResult)[pri:0, instance:actiTime.SecondHeader@ffaa6af]" started-at="2022-03-10T12:52:10 IST" name="logOut" finished-at="1970-01-01T05:30:00 IST" duration-ms="-1646896930308" status="SKIP">
          <reporter-output>
          </reporter-output>
        </test-method> <!-- logOut -->
        <test-method is-config="true" signature="loginApplication()[pri:0, instance:actiTime.SecondHeader@ffaa6af]" started-at="2022-03-10T12:52:10 IST" name="loginApplication" finished-at="1970-01-01T05:30:00 IST" duration-ms="-1646896930312" status="SKIP">
          <reporter-output>
          </reporter-output>
        </test-method> <!-- loginApplication -->
        <test-method signature="verifyReportButton()[pri:1, instance:actiTime.SecondHeader@ffaa6af]" started-at="2022-03-10T12:52:10 IST" name="verifyReportButton" finished-at="2022-03-10T12:52:10 IST" duration-ms="0" status="SKIP">
          <exception class="org.openqa.selenium.WebDriverException">
            <message>
              <![CDATA[Process unexpectedly closed with status 0
Build info: version: '3.141.59', revision: 'e82be7d358', time: '2018-11-14T08:17:03'
System info: host: 'DESKTOP-O2LSTLN', ip: '192.168.161.136', os.name: 'Windows 10', os.arch: 'amd64', os.version: '10.0', java.version: '17.0.1'
Driver info: driver.version: FirefoxDriver
remote stacktrace: ]]>
            </message>
            <full-stacktrace>
              <![CDATA[org.openqa.selenium.WebDriverException: Process unexpectedly closed with status 0
Build info: version: '3.141.59', revision: 'e82be7d358', time: '2018-11-14T08:17:03'
System info: host: 'DESKTOP-O2LSTLN', ip: '192.168.161.136', os.name: 'Windows 10', os.arch: 'amd64', os.version: '10.0', java.version: '17.0.1'
Driver info: driver.version: FirefoxDriver
remote stacktrace: 
at java.base/jdk.internal.reflect.NativeConstructorAccessorImpl.newInstance0(Native Method)
at java.base/jdk.internal.reflect.NativeConstructorAccessorImpl.newInstance(NativeConstructorAccessorImpl.java:77)
at java.base/jdk.internal.reflect.DelegatingConstructorAccessorImpl.newInstance(DelegatingConstructorAccessorImpl.java:45)
at java.base/java.lang.reflect.Constructor.newInstanceWithCaller(Constructor.java:499)
at java.base/java.lang.reflect.Constructor.newInstance(Constructor.java:480)
at org.openqa.selenium.remote.W3CHandshakeResponse.lambda$errorHandler$0(W3CHandshakeResponse.java:62)
at org.openqa.selenium.remote.HandshakeResponse.lambda$getResponseFunction$0(HandshakeResponse.java:30)
at org.openqa.selenium.remote.ProtocolHandshake.lambda$createSession$0(ProtocolHandshake.java:126)
at java.base/java.util.stream.ReferencePipeline$3$1.accept(ReferencePipeline.java:197)
at java.base/java.util.Spliterators$ArraySpliterator.tryAdvance(Spliterators.java:1002)
at java.base/java.util.stream.ReferencePipeline.forEachWithCancel(ReferencePipeline.java:129)
at java.base/java.util.stream.AbstractPipeline.copyIntoWithCancel(AbstractPipeline.java:527)
at java.base/java.util.stream.AbstractPipeline.copyInto(AbstractPipeline.java:513)
at java.base/java.util.stream.AbstractPipeline.wrapAndCopyInto(AbstractPipeline.java:499)
at java.base/java.util.stream.FindOps$FindOp.evaluateSequential(FindOps.java:150)
at java.base/java.util.stream.AbstractPipeline.evaluate(AbstractPipeline.java:234)
at java.base/java.util.stream.ReferencePipeline.findFirst(ReferencePipeline.java:647)
at org.openqa.selenium.remote.ProtocolHandshake.createSession(ProtocolHandshake.java:128)
at org.openqa.selenium.remote.ProtocolHandshake.createSession(ProtocolHandshake.java:74)
at org.openqa.selenium.remote.HttpCommandExecutor.execute(HttpCommandExecutor.java:136)
at org.openqa.selenium.remote.service.DriverCommandExecutor.execute(DriverCommandExecutor.java:83)
at org.openqa.selenium.remote.RemoteWebDriver.execute(RemoteWebDriver.java:552)
at org.openqa.selenium.remote.RemoteWebDriver.startSession(RemoteWebDriver.java:213)
at org.openqa.selenium.remote.RemoteWebDriver.<init>(RemoteWebDriver.java:131)
at org.openqa.selenium.firefox.FirefoxDriver.<init>(FirefoxDriver.java:147)
at org.openqa.selenium.firefox.FirefoxDriver.<init>(FirefoxDriver.java:125)
at base.Pojo.launchFirefoxBrowser(Pojo.java:17)
at actiTime.SecondHeader.launchBrowser(SecondHeader.java:63)
at java.base/jdk.internal.reflect.NativeMethodAccessorImpl.invoke0(Native Method)
at java.base/jdk.internal.reflect.NativeMethodAccessorImpl.invoke(NativeMethodAccessorImpl.java:77)
at java.base/jdk.internal.reflect.DelegatingMethodAccessorImpl.invoke(DelegatingMethodAccessorImpl.java:43)
at java.base/java.lang.reflect.Method.invoke(Method.java:568)
at org.testng.internal.MethodInvocationHelper.invokeMethod(MethodInvocationHelper.java:133)
at org.testng.internal.MethodInvocationHelper.invokeMethodConsideringTimeout(MethodInvocationHelper.java:62)
at org.testng.internal.ConfigInvoker.invokeConfigurationMethod(ConfigInvoker.java:385)
at org.testng.internal.ConfigInvoker.invokeConfigurations(ConfigInvoker.java:321)
at org.testng.TestRunner.invokeTestConfigurations(TestRunner.java:637)
at org.testng.TestRunner.beforeRun(TestRunner.java:627)
at org.testng.TestRunner.run(TestRunner.java:589)
at org.testng.SuiteRunner.runTest(SuiteRunner.java:377)
at org.testng.SuiteRunner.runSequentially(SuiteRunner.java:371)
at org.testng.SuiteRunner.privateRun(SuiteRunner.java:332)
at org.testng.SuiteRunner.run(SuiteRunner.java:276)
at org.testng.SuiteRunnerWorker.runSuite(SuiteRunnerWorker.java:53)
at org.testng.SuiteRunnerWorker.run(SuiteRunnerWorker.java:96)
at org.testng.TestNG.runSuitesSequentially(TestNG.java:1212)
at org.testng.TestNG.runSuitesLocally(TestNG.java:1134)
at org.testng.TestNG.runSuites(TestNG.java:1063)
at org.testng.TestNG.run(TestNG.java:1031)
at org.testng.remote.AbstractRemoteTestNG.run(AbstractRemoteTestNG.java:115)
at org.testng.remote.RemoteTestNG.initAndRun(RemoteTestNG.java:251)
at org.testng.remote.RemoteTestNG.main(RemoteTestNG.java:77)
]]>
            </full-stacktrace>
          </exception> <!-- org.openqa.selenium.WebDriverException -->
          <reporter-output>
          </reporter-output>
        </test-method> <!-- verifyReportButton -->
        <test-method is-config="true" signature="logOut(org.testng.ITestResult)[pri:0, instance:actiTime.SecondHeader@ffaa6af]" started-at="2022-03-10T12:52:10 IST" name="logOut" finished-at="1970-01-01T05:30:00 IST" duration-ms="-1646896930338" status="SKIP">
          <reporter-output>
          </reporter-output>
        </test-method> <!-- logOut -->
        <test-method is-config="true" signature="loginApplication()[pri:0, instance:actiTime.SecondHeader@ffaa6af]" started-at="2022-03-10T12:52:10 IST" name="loginApplication" finished-at="1970-01-01T05:30:00 IST" duration-ms="-1646896930342" status="SKIP">
          <reporter-output>
          </reporter-output>
        </test-method> <!-- loginApplication -->
        <test-method signature="verifyTaskButton()[pri:2, instance:actiTime.SecondHeader@ffaa6af]" started-at="2022-03-10T12:52:10 IST" name="verifyTaskButton" finished-at="2022-03-10T12:52:10 IST" duration-ms="0" status="SKIP">
          <exception class="org.openqa.selenium.WebDriverException">
            <message>
              <![CDATA[Process unexpectedly closed with status 0
Build info: version: '3.141.59', revision: 'e82be7d358', time: '2018-11-14T08:17:03'
System info: host: 'DESKTOP-O2LSTLN', ip: '192.168.161.136', os.name: 'Windows 10', os.arch: 'amd64', os.version: '10.0', java.version: '17.0.1'
Driver info: driver.version: FirefoxDriver
remote stacktrace: ]]>
            </message>
            <full-stacktrace>
              <![CDATA[org.openqa.selenium.WebDriverException: Process unexpectedly closed with status 0
Build info: version: '3.141.59', revision: 'e82be7d358', time: '2018-11-14T08:17:03'
System info: host: 'DESKTOP-O2LSTLN', ip: '192.168.161.136', os.name: 'Windows 10', os.arch: 'amd64', os.version: '10.0', java.version: '17.0.1'
Driver info: driver.version: FirefoxDriver
remote stacktrace: 
at java.base/jdk.internal.reflect.NativeConstructorAccessorImpl.newInstance0(Native Method)
at java.base/jdk.internal.reflect.NativeConstructorAccessorImpl.newInstance(NativeConstructorAccessorImpl.java:77)
at java.base/jdk.internal.reflect.DelegatingConstructorAccessorImpl.newInstance(DelegatingConstructorAccessorImpl.java:45)
at java.base/java.lang.reflect.Constructor.newInstanceWithCaller(Constructor.java:499)
at java.base/java.lang.reflect.Constructor.newInstance(Constructor.java:480)
at org.openqa.selenium.remote.W3CHandshakeResponse.lambda$errorHandler$0(W3CHandshakeResponse.java:62)
at org.openqa.selenium.remote.HandshakeResponse.lambda$getResponseFunction$0(HandshakeResponse.java:30)
at org.openqa.selenium.remote.ProtocolHandshake.lambda$createSession$0(ProtocolHandshake.java:126)
at java.base/java.util.stream.ReferencePipeline$3$1.accept(ReferencePipeline.java:197)
at java.base/java.util.Spliterators$ArraySpliterator.tryAdvance(Spliterators.java:1002)
at java.base/java.util.stream.ReferencePipeline.forEachWithCancel(ReferencePipeline.java:129)
at java.base/java.util.stream.AbstractPipeline.copyIntoWithCancel(AbstractPipeline.java:527)
at java.base/java.util.stream.AbstractPipeline.copyInto(AbstractPipeline.java:513)
at java.base/java.util.stream.AbstractPipeline.wrapAndCopyInto(AbstractPipeline.java:499)
at java.base/java.util.stream.FindOps$FindOp.evaluateSequential(FindOps.java:150)
at java.base/java.util.stream.AbstractPipeline.evaluate(AbstractPipeline.java:234)
at java.base/java.util.stream.ReferencePipeline.findFirst(ReferencePipeline.java:647)
at org.openqa.selenium.remote.ProtocolHandshake.createSession(ProtocolHandshake.java:128)
at org.openqa.selenium.remote.ProtocolHandshake.createSession(ProtocolHandshake.java:74)
at org.openqa.selenium.remote.HttpCommandExecutor.execute(HttpCommandExecutor.java:136)
at org.openqa.selenium.remote.service.DriverCommandExecutor.execute(DriverCommandExecutor.java:83)
at org.openqa.selenium.remote.RemoteWebDriver.execute(RemoteWebDriver.java:552)
at org.openqa.selenium.remote.RemoteWebDriver.startSession(RemoteWebDriver.java:213)
at org.openqa.selenium.remote.RemoteWebDriver.<init>(RemoteWebDriver.java:131)
at org.openqa.selenium.firefox.FirefoxDriver.<init>(FirefoxDriver.java:147)
at org.openqa.selenium.firefox.FirefoxDriver.<init>(FirefoxDriver.java:125)
at base.Pojo.launchFirefoxBrowser(Pojo.java:17)
at actiTime.SecondHeader.launchBrowser(SecondHeader.java:63)
at java.base/jdk.internal.reflect.NativeMethodAccessorImpl.invoke0(Native Method)
at java.base/jdk.internal.reflect.NativeMethodAccessorImpl.invoke(NativeMethodAccessorImpl.java:77)
at java.base/jdk.internal.reflect.DelegatingMethodAccessorImpl.invoke(DelegatingMethodAccessorImpl.java:43)
at java.base/java.lang.reflect.Method.invoke(Method.java:568)
at org.testng.internal.MethodInvocationHelper.invokeMethod(MethodInvocationHelper.java:133)
at org.testng.internal.MethodInvocationHelper.invokeMethodConsideringTimeout(MethodInvocationHelper.java:62)
at org.testng.internal.ConfigInvoker.invokeConfigurationMethod(ConfigInvoker.java:385)
at org.testng.internal.ConfigInvoker.invokeConfigurations(ConfigInvoker.java:321)
at org.testng.TestRunner.invokeTestConfigurations(TestRunner.java:637)
at org.testng.TestRunner.beforeRun(TestRunner.java:627)
at org.testng.TestRunner.run(TestRunner.java:589)
at org.testng.SuiteRunner.runTest(SuiteRunner.java:377)
at org.testng.SuiteRunner.runSequentially(SuiteRunner.java:371)
at org.testng.SuiteRunner.privateRun(SuiteRunner.java:332)
at org.testng.SuiteRunner.run(SuiteRunner.java:276)
at org.testng.SuiteRunnerWorker.runSuite(SuiteRunnerWorker.java:53)
at org.testng.SuiteRunnerWorker.run(SuiteRunnerWorker.java:96)
at org.testng.TestNG.runSuitesSequentially(TestNG.java:1212)
at org.testng.TestNG.runSuitesLocally(TestNG.java:1134)
at org.testng.TestNG.runSuites(TestNG.java:1063)
at org.testng.TestNG.run(TestNG.java:1031)
at org.testng.remote.AbstractRemoteTestNG.run(AbstractRemoteTestNG.java:115)
at org.testng.remote.RemoteTestNG.initAndRun(RemoteTestNG.java:251)
at org.testng.remote.RemoteTestNG.main(RemoteTestNG.java:77)
]]>
            </full-stacktrace>
          </exception> <!-- org.openqa.selenium.WebDriverException -->
          <reporter-output>
          </reporter-output>
        </test-method> <!-- verifyTaskButton -->
        <test-method is-config="true" signature="logOut(org.testng.ITestResult)[pri:0, instance:actiTime.SecondHeader@ffaa6af]" started-at="2022-03-10T12:52:10 IST" name="logOut" finished-at="1970-01-01T05:30:00 IST" duration-ms="-1646896930358" status="SKIP">
          <reporter-output>
          </reporter-output>
        </test-method> <!-- logOut -->
        <test-method is-config="true" signature="deleteObject()[pri:0, instance:actiTime.SecondHeader@ffaa6af]" started-at="2022-03-10T12:52:10 IST" name="deleteObject" finished-at="1970-01-01T05:30:00 IST" duration-ms="-1646896930361" status="SKIP">
          <reporter-output>
          </reporter-output>
        </test-method> <!-- deleteObject -->
        <test-method is-config="true" signature="closeBrowser()[pri:0, instance:actiTime.SecondHeader@ffaa6af]" started-at="2022-03-10T12:52:10 IST" name="closeBrowser" finished-at="1970-01-01T05:30:00 IST" duration-ms="-1646896930507" status="SKIP">
          <reporter-output>
          </reporter-output>
        </test-method> <!-- closeBrowser -->
      </class> <!-- actiTime.SecondHeader -->
    </test> <!-- FirefoxTest -->
  </suite> <!-- Suite -->
</testng-results>
