<?xml version="1.0" encoding="UTF-8"?>
<testng-results ignored="1" total="2" passed="0" failed="1" skipped="0">
  <reporter-output>
  </reporter-output>
  <suite started-at="2022-04-07T09:04:01 IST" name="Default suite" finished-at="2022-04-07T09:04:33 IST" duration-ms="32232">
    <groups>
    </groups>
    <test started-at="2022-04-07T09:04:01 IST" name="Default test" finished-at="2022-04-07T09:04:33 IST" duration-ms="32232">
      <class name="swagLab.AddToCart">
        <test-method is-config="true" signature="launchBrowser()[pri:0, instance:swagLab.AddToCart@25084a1e]" started-at="2022-04-07T09:04:01 IST" name="launchBrowser" finished-at="2022-04-07T09:04:04 IST" duration-ms="2553" status="PASS">
          <reporter-output>
          </reporter-output>
        </test-method> <!-- launchBrowser -->
        <test-method is-config="true" signature="beforeClass()[pri:0, instance:swagLab.AddToCart@25084a1e]" started-at="2022-04-07T09:04:04 IST" name="beforeClass" finished-at="2022-04-07T09:04:04 IST" duration-ms="44" status="PASS">
          <reporter-output>
          </reporter-output>
        </test-method> <!-- beforeClass -->
        <test-method is-config="true" signature="beforeMethod()[pri:0, instance:swagLab.AddToCart@25084a1e]" started-at="2022-04-07T09:04:04 IST" name="beforeMethod" finished-at="2022-04-07T09:04:31 IST" duration-ms="27360" status="PASS">
          <reporter-output>
          </reporter-output>
        </test-method> <!-- beforeMethod -->
        <test-method signature="addToCartA_Z()[pri:0, instance:swagLab.AddToCart@25084a1e]" started-at="2022-04-07T09:04:31 IST" name="addToCartA_Z" finished-at="2022-04-07T09:04:32 IST" duration-ms="1176" status="FAIL">
          <exception class="java.lang.IllegalStateException">
            <message>
              <![CDATA[Cannot get a STRING value from a NUMERIC cell]]>
            </message>
            <full-stacktrace>
              <![CDATA[java.lang.IllegalStateException: Cannot get a STRING value from a NUMERIC cell
at org.apache.poi.xssf.usermodel.XSSFCell.typeMismatch(XSSFCell.java:944)
at org.apache.poi.xssf.usermodel.XSSFCell.getRichStringCellValue(XSSFCell.java:334)
at org.apache.poi.xssf.usermodel.XSSFCell.getStringCellValue(XSSFCell.java:279)
at utils.Utility.getDataFromExcel(Utility.java:33)
at swagLab.AddToCart.addToCartA_Z(AddToCart.java:107)
at java.base/jdk.internal.reflect.NativeMethodAccessorImpl.invoke0(Native Method)
at java.base/jdk.internal.reflect.NativeMethodAccessorImpl.invoke(NativeMethodAccessorImpl.java:77)
at java.base/jdk.internal.reflect.DelegatingMethodAccessorImpl.invoke(DelegatingMethodAccessorImpl.java:43)
at java.base/java.lang.reflect.Method.invoke(Method.java:568)
at org.testng.internal.MethodInvocationHelper.invokeMethod(MethodInvocationHelper.java:133)
at org.testng.internal.TestInvoker.invokeMethod(TestInvoker.java:598)
at org.testng.internal.TestInvoker.invokeTestMethod(TestInvoker.java:173)
at org.testng.internal.MethodRunner.runInSequence(MethodRunner.java:46)
at org.testng.internal.TestInvoker$MethodInvocationAgent.invoke(TestInvoker.java:824)
at org.testng.internal.TestInvoker.invokeTestMethods(TestInvoker.java:146)
at org.testng.internal.TestMethodWorker.invokeTestMethods(TestMethodWorker.java:146)
at org.testng.internal.TestMethodWorker.run(TestMethodWorker.java:128)
at java.base/java.util.ArrayList.forEach(ArrayList.java:1511)
at org.testng.TestRunner.privateRun(TestRunner.java:794)
at org.testng.TestRunner.run(TestRunner.java:596)
at org.testng.SuiteRunner.runTest(SuiteRunner.java:377)
at org.testng.SuiteRunner.runSequentially(SuiteRunner.java:371)
at org.testng.SuiteRunner.privateRun(SuiteRunner.java:332)
at org.testng.SuiteRunner.run(SuiteRunner.java:276)
at org.testng.SuiteRunnerWorker.runSuite(SuiteRunnerWorker.java:53)
at org.testng.SuiteRunnerWorker.run(SuiteRunnerWorker.java:96)
at org.testng.TestNG.runSuitesSequentially(TestNG.java:1212)
at org.testng.TestNG.runSuitesLocally(TestNG.java:1134)
at org.testng.TestNG.runSuites(TestNG.java:1063)
at org.testng.TestNG.run(TestNG.java:1031)
at org.testng.remote.AbstractRemoteTestNG.run(AbstractRemoteTestNG.java:115)
at org.testng.remote.RemoteTestNG.initAndRun(RemoteTestNG.java:251)
at org.testng.remote.RemoteTestNG.main(RemoteTestNG.java:77)
]]>
            </full-stacktrace>
          </exception> <!-- java.lang.IllegalStateException -->
          <reporter-output>
          </reporter-output>
        </test-method> <!-- addToCartA_Z -->
        <test-method is-config="true" signature="afterMethod(org.testng.ITestResult)[pri:0, instance:swagLab.AddToCart@25084a1e]" started-at="2022-04-07T09:04:32 IST" name="afterMethod" finished-at="2022-04-07T09:04:33 IST" duration-ms="422" status="PASS">
          <params>
            <param index="0">
              <value>
                <![CDATA[[TestResult name=addToCartA_Z status=FAILURE method=AddToCart.addToCartA_Z()[pri:0, instance:swagLab.AddToCart@25084a1e] output={null}]]]>
              </value>
            </param>
          </params>
          <reporter-output>
          </reporter-output>
        </test-method> <!-- afterMethod -->
        <test-method is-config="true" signature="afterClass()[pri:0, instance:swagLab.AddToCart@25084a1e]" started-at="2022-04-07T09:04:33 IST" name="afterClass" finished-at="2022-04-07T09:04:33 IST" duration-ms="0" status="PASS">
          <reporter-output>
          </reporter-output>
        </test-method> <!-- afterClass -->
        <test-method is-config="true" signature="closeBrowser()[pri:0, instance:swagLab.AddToCart@25084a1e]" started-at="2022-04-07T09:04:33 IST" name="closeBrowser" finished-at="2022-04-07T09:04:33 IST" duration-ms="617" status="PASS">
          <reporter-output>
          </reporter-output>
        </test-method> <!-- closeBrowser -->
      </class> <!-- swagLab.AddToCart -->
    </test> <!-- Default test -->
  </suite> <!-- Default suite -->
</testng-results>
