<?xml version="1.0" encoding="UTF-8"?>
<!-- Generated by org.testng.reporters.JUnitXMLReporter -->
<testsuite ignored="0" hostname="DESKTOP-O2LSTLN" failures="0" tests="4" name="ChromeTest" time="0.782" errors="0" timestamp="2022-03-22T19:37:32 IST">
  <testcase classname="swagLab.AddToCart" name="@BeforeTest launchBrowser" time="0.566">
    <failure type="java.lang.IllegalStateException" message="The driver executable does not exist: E:\JAVA\Java\chromedriver.exe">
      <![CDATA[java.lang.IllegalStateException: The driver executable does not exist: E:\JAVA\Java\chromedriver.exe
at com.google.common.base.Preconditions.checkState(Preconditions.java:585)
at org.openqa.selenium.remote.service.DriverService.checkExecutable(DriverService.java:146)
at org.openqa.selenium.remote.service.DriverService.findExecutable(DriverService.java:141)
at org.openqa.selenium.chrome.ChromeDriverService.access$000(ChromeDriverService.java:35)
at org.openqa.selenium.chrome.ChromeDriverService$Builder.findDefaultExecutable(ChromeDriverService.java:159)
at org.openqa.selenium.remote.service.DriverService$Builder.build(DriverService.java:355)
at org.openqa.selenium.chrome.ChromeDriverService.createDefaultService(ChromeDriverService.java:94)
at org.openqa.selenium.chrome.ChromeDriver.<init>(ChromeDriver.java:123)
at base.Browser.launchChromeBrowser(Browser.java:13)
at swagLab.AddToCart.launchBrowser(AddToCart.java:61)
... Removed 24 stack frames]]>
    </failure>
  </testcase> <!-- @BeforeTest launchBrowser -->
  <testcase classname="swagLab.AddToCartHI_LO" name="@BeforeTest launchBrowser" time="-1.647958052346E9">
    <skipped/>
  </testcase> <!-- @BeforeTest launchBrowser -->
  <testcase classname="swagLab.AddToCartHI_LO" name="@BeforeClass beforeClass" time="-1.647958052412E9">
    <skipped/>
  </testcase> <!-- @BeforeClass beforeClass -->
  <testcase classname="swagLab.AddToCart" name="@BeforeClass beforeClass" time="-1.647958052415E9">
    <skipped/>
  </testcase> <!-- @BeforeClass beforeClass -->
  <testcase classname="swagLab.AddToCart" name="@BeforeMethod beforeMethod" time="-1.647958052441E9">
    <skipped/>
  </testcase> <!-- @BeforeMethod beforeMethod -->
  <testcase classname="swagLab.AddToCartHI_LO" name="@BeforeMethod beforeMethod" time="-1.647958052441E9">
    <skipped/>
  </testcase> <!-- @BeforeMethod beforeMethod -->
  <testcase classname="swagLab.AddToCartHI_LO" name="@AfterMethod afterMethod" time="-1.647958052464E9">
    <skipped/>
  </testcase> <!-- @AfterMethod afterMethod -->
  <testcase classname="swagLab.AddToCart" name="@AfterMethod afterMethod" time="-1.647958052471E9">
    <skipped/>
  </testcase> <!-- @AfterMethod afterMethod -->
  <testcase classname="swagLab.AddToCart" name="@BeforeMethod beforeMethod" time="-1.647958052479E9">
    <skipped/>
  </testcase> <!-- @BeforeMethod beforeMethod -->
  <testcase classname="swagLab.AddToCartHI_LO" name="@BeforeMethod beforeMethod" time="-1.647958052475E9">
    <skipped/>
  </testcase> <!-- @BeforeMethod beforeMethod -->
  <testcase classname="swagLab.AddToCartHI_LO" name="@AfterMethod afterMethod" time="-1.647958052505E9">
    <skipped/>
  </testcase> <!-- @AfterMethod afterMethod -->
  <testcase classname="swagLab.AddToCartHI_LO" name="@AfterClass afterClass" time="-1.64795805251E9">
    <skipped/>
  </testcase> <!-- @AfterClass afterClass -->
  <testcase classname="swagLab.AddToCart" name="@AfterMethod afterMethod" time="-1.647958052525E9">
    <skipped/>
  </testcase> <!-- @AfterMethod afterMethod -->
  <testcase classname="swagLab.AddToCart" name="@AfterClass afterClass" time="-1.647958052529E9">
    <skipped/>
  </testcase> <!-- @AfterClass afterClass -->
  <testcase classname="swagLab.AddToCart" name="@AfterTest closeBrowser" time="-1.647958052533E9">
    <skipped/>
  </testcase> <!-- @AfterTest closeBrowser -->
  <testcase classname="swagLab.AddToCartHI_LO" name="@AfterTest closeBrowser" time="-1.647958052535E9">
    <skipped/>
  </testcase> <!-- @AfterTest closeBrowser -->
  <testcase classname="swagLab.AddToCartHI_LO" name="addToCartA_Z" time="0.0">
    <skipped/>
  </testcase> <!-- addToCartA_Z -->
  <testcase classname="swagLab.AddToCart" name="addToCartA_Z" time="0.0">
    <skipped/>
  </testcase> <!-- addToCartA_Z -->
  <testcase classname="swagLab.AddToCartHI_LO" name="addToCartZ_A" time="0.0">
    <skipped/>
  </testcase> <!-- addToCartZ_A -->
  <testcase classname="swagLab.AddToCart" name="addToCartZ_A" time="0.0">
    <skipped/>
  </testcase> <!-- addToCartZ_A -->
</testsuite> <!-- ChromeTest -->
