<?xml version="1.0" encoding="UTF-8"?>
<!-- Generated by org.testng.reporters.JUnitXMLReporter -->
<testsuite ignored="0" hostname="DESKTOP-O2LSTLN" failures="0" tests="4" name="Test" time="17.908" errors="0" timestamp="2022-02-24T07:51:37 IST">
  <testcase classname="swagLab.AddToCart" name="addToCartA_Z" time="2.546"/>
  <testcase classname="swagLab.AddToCart" name="addToCartZ_A" time="1.052"/>
  <testcase classname="swagLab.AddToCartHI_LO" name="addToCartA_Z" time="1.082"/>
  <testcase classname="swagLab.AddToCartHI_LO" name="addToCartZ_A" time="1.106"/>
</testsuite> <!-- Test -->
