<?xml version="1.0" encoding="UTF-8"?>
<!-- Generated by org.testng.reporters.JUnitXMLReporter -->
<testsuite ignored="1" hostname="DESKTOP-O2LSTLN" failures="0" tests="7" name="Test" time="56.675" errors="0" timestamp="2022-02-28T11:24:43 IST">
  <testcase classname="actiTime.Verify_All_header" name="verifyUserTab" time="4.076"/>
  <testcase classname="actiTime.Verify_All_header" name="verifyReportButton" time="1.75"/>
  <testcase classname="actiTime.Verify_All_header" name="verifyTaskButton" time="1.439"/>
  <testcase classname="actiTime.Verify_All_header" name="verifyTimeTrack" time="0.768"/>
  <testcase classname="actiTime.Verify_All_header" name="verifyWorkscheduleButton" time="1.141"/>
  <testcase classname="actiTime.TaskCreation" name="createTask_Task" time="13.277"/>
  <testcase classname="actiTime.TaskCreation" name="createTask_User" time="12.857"/>
  <testcase classname="actiTime.TaskCreation" name="createTask_TimeTrack" time="0.0">
    <ignored/>
  </testcase> <!-- createTask_TimeTrack -->
</testsuite> <!-- Test -->
