<?xml version="1.0" encoding="UTF-8"?>
<!-- Generated by org.testng.reporters.JUnitXMLReporter -->
<testsuite ignored="0" hostname="DESKTOP-O2LSTLN" failures="0" tests="6" name="Test" time="101.786" errors="0" timestamp="2022-02-23T11:00:23 IST">
  <testcase classname="Rediff.BuyA_Product" name="test" time="20.348"/>
  <testcase classname="Rediff.VerifyFooter" name="verifyAboutUsTab" time="0.733"/>
  <testcase classname="Rediff.VerifyFooter" name="verifyInvestorsTab" time="2.444"/>
  <testcase classname="Rediff.VerifyAllHeader" name="verifyRediffmailTab" time="1.546"/>
  <testcase classname="Rediff.VerifyAllHeader" name="verifyShoppingTab" time="3.763"/>
  <testcase classname="Rediff.VerifyAllHeader" name="verifyVideosTab" time="2.611"/>
</testsuite> <!-- Test -->
